#
# There is insufficient memory for the Java Runtime Environment to continue.
# Native memory allocation (mmap) failed to map 130023424 bytes for Failed to commit area from 0x0000000084a00000 to 0x000000008c600000 of length 130023424.
# Possible reasons:
#   The system is out of physical RAM or swap space
#   The process is running with CompressedOops enabled, and the Java Heap may be blocking the growth of the native heap
# Possible solutions:
#   Reduce memory load on the system
#   Increase physical memory or swap space
#   Check if swap backing store is full
#   Decrease Java heap size (-Xmx/-Xms)
#   Decrease number of Java threads
#   Decrease Java thread stack sizes (-Xss)
#   Set larger code cache with -XX:ReservedCodeCacheSize=
# This output file may be truncated or incomplete.
#
#  Out of Memory Error (t:/workspace/open/src/hotspot/os/windows/os_windows.cpp:3264), pid=18784, tid=7844
#
# JRE version:  (12.0.2+10) (build )
# Java VM: Java HotSpot(TM) 64-Bit Server VM (12.0.2+10, mixed mode, aot, sharing, tiered, compressed oops, g1 gc, windows-amd64)
# No core dump will be written. Minidumps are not enabled by default on client versions of Windows
#

---------------  S U M M A R Y ------------

Command Line: C:\Users\lamne\AppData\Local\Temp\surefire8112027147640748035\surefirebooter9927735846941863792.jar C:\Users\lamne\AppData\Local\Temp\surefire8112027147640748035 2020-11-02T23-07-50_137-jvmRun1 surefire17613418051094246796tmp surefire_014193897047040070950tmp

Host: Intel(R) Core(TM) i5-5200U CPU @ 2.20GHz, 4 cores, 7G,  Windows 10 , 64 bit Build 18362 (10.0.18362.1110)
Time: Mon Nov  2 23:07:52 2020 Central Standard Time elapsed time: 0 seconds (0d 0h 0m 0s)

---------------  T H R E A D  ---------------

Current thread (0x000001abc7208000):  JavaThread "Unknown thread" [_thread_in_vm, id=7844, stack(0x00000049aff00000,0x00000049b0000000)]

Stack: [0x00000049aff00000,0x00000049b0000000]
Native frames: (J=compiled Java code, j=interpreted, Vv=VM code, C=native code)
V  [jvm.dll+0x63aa2a]
V  [jvm.dll+0x78ce1e]
V  [jvm.dll+0x78e4c1]
V  [jvm.dll+0x78eb13]
V  [jvm.dll+0x2627e8]
V  [jvm.dll+0x637f5a]
V  [jvm.dll+0x62c845]
V  [jvm.dll+0x31e49c]
V  [jvm.dll+0x31e2cf]
V  [jvm.dll+0x324006]
V  [jvm.dll+0x371f56]
V  [jvm.dll+0x371720]
V  [jvm.dll+0x2f845a]
V  [jvm.dll+0x2f96d2]
V  [jvm.dll+0x767267]
V  [jvm.dll+0x7689f5]
V  [jvm.dll+0x380059]
V  [jvm.dll+0x74b794]
V  [jvm.dll+0x3ef5cd]
V  [jvm.dll+0x3f1471]
C  [jli.dll+0x51cf]
C  [ucrtbase.dll+0x210b2]
C  [KERNEL32.DLL+0x17c24]
C  [ntdll.dll+0x6cea1]


---------------  P R O C E S S  ---------------

Threads class SMR info:
_java_thread_list=0x00007ffd95767928, length=0, elements={
}

Java Threads: ( => current thread )

Other Threads:
  0x000001abc7248800 GCTaskThread "GC Thread#0" [stack: 0x00000049b0000000,0x00000049b0100000] [id=10956]
  0x000001abc7255800 ConcurrentGCThread "G1 Main Marker" [stack: 0x00000049b0100000,0x00000049b0200000] [id=11568]
  0x000001abc7258800 ConcurrentGCThread "G1 Conc#0" [stack: 0x00000049b0200000,0x00000049b0300000] [id=24548]

[error occurred during error reporting (printing all threads), id 0xc0000005, EXCEPTION_ACCESS_VIOLATION (0xc0000005) at pc=0x00007ffd94f985e7]

VM state:not at safepoint (not fully initialized)

VM Mutex/Monitor currently owned by a thread:  ([mutex/lock_event])
[0x000001abc7207950] Heap_lock - owner thread: 0x000001abc7208000

Heap address: 0x0000000084a00000, size: 1974 MB, Compressed Oops mode: Non-zero based: 0x0000000084a00000
Narrow klass base: 0x0000000000000000, Narrow klass shift: 0

GC Heap History (0 events):
No events

Deoptimization events (0 events):
No events

Classes redefined (0 events):
No events

Internal exceptions (0 events):
No events

Events (0 events):
No events


Dynamic libraries:
0x00007ff6db970000 - 0x00007ff6db97f000 	C:\Program Files\Java\jdk-12.0.2\bin\java.exe
0x00007ffdf7ca0000 - 0x00007ffdf7e90000 	C:\Windows\SYSTEM32\ntdll.dll
0x00007ffdf66a0000 - 0x00007ffdf6752000 	C:\Windows\System32\KERNEL32.DLL
0x00007ffdf4d80000 - 0x00007ffdf5025000 	C:\Windows\System32\KERNELBASE.dll
0x00007ffdf4c00000 - 0x00007ffdf4cfa000 	C:\Windows\System32\ucrtbase.dll
0x00007ffde05f0000 - 0x00007ffde0608000 	C:\Program Files\Java\jdk-12.0.2\bin\jli.dll
0x00007ffdf6440000 - 0x00007ffdf64e3000 	C:\Windows\System32\ADVAPI32.dll
0x00007ffdf6760000 - 0x00007ffdf67fe000 	C:\Windows\System32\msvcrt.dll
0x00007ffdf6ed0000 - 0x00007ffdf6f67000 	C:\Windows\System32\sechost.dll
0x00007ffdf69f0000 - 0x00007ffdf6b10000 	C:\Windows\System32\RPCRT4.dll
0x00007ffdf7290000 - 0x00007ffdf7424000 	C:\Windows\System32\USER32.dll
0x00007ffdf5b50000 - 0x00007ffdf5b71000 	C:\Windows\System32\win32u.dll
0x00007ffdf0a20000 - 0x00007ffdf0a36000 	C:\Program Files\Java\jdk-12.0.2\bin\VCRUNTIME140.dll
0x00007ffdf6820000 - 0x00007ffdf6846000 	C:\Windows\System32\GDI32.dll
0x00007ffdf5b80000 - 0x00007ffdf5d16000 	C:\Windows\System32\gdi32full.dll
0x00007ffdf58f0000 - 0x00007ffdf598e000 	C:\Windows\System32\msvcp_win.dll
0x00007ffde3610000 - 0x00007ffde3894000 	C:\Windows\WinSxS\amd64_microsoft.windows.common-controls_6595b64144ccf1df_6.0.18362.1139_none_9e7bf2d3e4605ac6\COMCTL32.dll
0x00007ffdf6b10000 - 0x00007ffdf6e45000 	C:\Windows\System32\combase.dll
0x00007ffde59f0000 - 0x00007ffde59fa000 	C:\Windows\SYSTEM32\VERSION.dll
0x00007ffdf4d00000 - 0x00007ffdf4d80000 	C:\Windows\System32\bcryptPrimitives.dll
0x00007ffdf5d20000 - 0x00007ffdf5d4e000 	C:\Windows\System32\IMM32.DLL
0x00007ffdb0fc0000 - 0x00007ffdb106a000 	C:\Program Files\Java\jdk-12.0.2\bin\msvcp140.dll
0x00007ffd94c90000 - 0x00007ffd95807000 	C:\Program Files\Java\jdk-12.0.2\bin\server\jvm.dll
0x00007ffdf6810000 - 0x00007ffdf6818000 	C:\Windows\System32\PSAPI.DLL
0x00007ffde46a0000 - 0x00007ffde46a9000 	C:\Windows\SYSTEM32\WSOCK32.dll
0x00007ffdf6e50000 - 0x00007ffdf6ebf000 	C:\Windows\System32\WS2_32.dll
0x00007ffdf2a20000 - 0x00007ffdf2a44000 	C:\Windows\SYSTEM32\WINMM.dll
0x00007ffdf29f0000 - 0x00007ffdf2a1d000 	C:\Windows\SYSTEM32\WINMMBASE.dll
0x00007ffdf5990000 - 0x00007ffdf59da000 	C:\Windows\System32\cfgmgr32.dll
0x00007ffdf4b60000 - 0x00007ffdf4b71000 	C:\Windows\System32\kernel.appcore.dll
0x00007ffde0580000 - 0x00007ffde0591000 	C:\Program Files\Java\jdk-12.0.2\bin\verify.dll
0x00007ffde5000000 - 0x00007ffde51f4000 	C:\Windows\SYSTEM32\DBGHELP.DLL
0x00007ffde4ec0000 - 0x00007ffde4eea000 	C:\Windows\SYSTEM32\dbgcore.DLL
0x00007ffdd2600000 - 0x00007ffdd2626000 	C:\Program Files\Java\jdk-12.0.2\bin\java.dll
0x00007ffdd7a60000 - 0x00007ffdd7a77000 	C:\Program Files\Java\jdk-12.0.2\bin\zip.dll
0x00007ffde2500000 - 0x00007ffde250a000 	C:\Program Files\Java\jdk-12.0.2\bin\jimage.dll

dbghelp: loaded successfully - version: 4.0.5 - missing functions: none
symbol engine: initialized successfully - sym options: 0x614 - pdb path: .;C:\Program Files\Java\jdk-12.0.2\bin;C:\Windows\SYSTEM32;C:\Windows\WinSxS\amd64_microsoft.windows.common-controls_6595b64144ccf1df_6.0.18362.1139_none_9e7bf2d3e4605ac6;C:\Program Files\Java\jdk-12.0.2\bin\server

VM Arguments:
java_command: C:\Users\lamne\AppData\Local\Temp\surefire8112027147640748035\surefirebooter9927735846941863792.jar C:\Users\lamne\AppData\Local\Temp\surefire8112027147640748035 2020-11-02T23-07-50_137-jvmRun1 surefire17613418051094246796tmp surefire_014193897047040070950tmp
java_class_path (initial): C:\Users\lamne\AppData\Local\Temp\surefire8112027147640748035\surefirebooter9927735846941863792.jar
Launcher Type: SUN_STANDARD

[Global flags]
     intx CICompilerCount                          = 3                                         {product} {ergonomic}
     uint ConcGCThreads                            = 1                                         {product} {ergonomic}
     uint G1ConcRefinementThreads                  = 4                                         {product} {ergonomic}
   size_t G1HeapRegionSize                         = 1048576                                   {product} {ergonomic}
    uintx GCDrainStackTargetSize                   = 64                                        {product} {ergonomic}
   size_t InitialHeapSize                          = 130023424                                 {product} {ergonomic}
   size_t MarkStackSize                            = 4194304                                   {product} {ergonomic}
   size_t MaxHeapSize                              = 2069889024                                {product} {ergonomic}
   size_t MinHeapDeltaBytes                        = 1048576                                   {product} {ergonomic}
    uintx NonNMethodCodeHeapSize                   = 5830732                                {pd product} {ergonomic}
    uintx NonProfiledCodeHeapSize                  = 122913754                              {pd product} {ergonomic}
    uintx ProfiledCodeHeapSize                     = 122913754                              {pd product} {ergonomic}
    uintx ReservedCodeCacheSize                    = 251658240                              {pd product} {ergonomic}
     bool SegmentedCodeCache                       = true                                      {product} {ergonomic}
     bool UseCompressedClassPointers               = true                                 {lp64_product} {ergonomic}
     bool UseCompressedOops                        = true                                 {lp64_product} {ergonomic}
     bool UseG1GC                                  = true                                      {product} {ergonomic}
     bool UseLargePagesIndividualAllocation        = false                                  {pd product} {ergonomic}

Logging:
Log output configuration:
 #0: stdout all=warning uptime,level,tags
 #1: stderr all=off uptime,level,tags

Environment Variables:
JAVA_HOME=C:\Program Files\Java\jdk-12.0.2
JRE_HOME=C:\Program Files (x86)\Java\jre1.8.0_231
CLASSPATH=C:\Program Files (x86)\Apache Software Foundation\Tomcat 9.0\common\lib\jsp-api.jar;%CLASSPATH%
PATH=C:\Program Files\Java\jdk1.8.0_231;C:\Program Files\Docker\Docker\resources\bin;C:\ProgramData\DockerDesktop\version-bin;C:\Program Files\Git\bin;C:\Program Files\Git\cmd;C:\Program Files\nodejs\;C:\Windows\System32\wbem;C:\Program Files\apache-maven-3.6.3-bin\apache-maven-3.6.3\bin;C:\Program Files\Java\jdk-12.0.2\bin;C:\Users\lamne\AppData\Local\Programs\Microsoft VS Code\bin;C:\Program Files\heroku\bin;C:\Users\lamne\AppData\Roaming\npm;C:\Users\lamne\AppData\Local\Programs\Python\Python38-32;;C:\Program Files\JetBrains\New folder\IntelliJ IDEA Community Edition 2020.2.1\bin;
USERNAME=lamne
OS=Windows_NT
PROCESSOR_IDENTIFIER=Intel64 Family 6 Model 61 Stepping 4, GenuineIntel



---------------  S Y S T E M  ---------------

OS: Windows 10 , 64 bit Build 18362 (10.0.18362.1110)

CPU:total 4 (initial active 4) (2 cores per cpu, 2 threads per core) family 6 model 61 stepping 4, cmov, cx8, fxsr, mmx, sse, sse2, sse3, ssse3, sse4.1, sse4.2, popcnt, avx, avx2, aes, clmul, erms, 3dnowpref, lzcnt, ht, tsc, tscinvbit, bmi1, bmi2, adx, fma

Memory: 4k page, system-wide physical 7888M (554M free)
TotalPageFile size 17185M (AvailPageFile size 50M)
current process WorkingSet (physical memory assigned to process): 10M, peak: 10M
current process commit charge ("private bytes"): 52M, peak: 175M

vm_info: Java HotSpot(TM) 64-Bit Server VM (12.0.2+10) for windows-amd64 JRE (12.0.2+10), built on Jul 16 2019 01:56:17 by "mach5one" with MS VC++ 15.5 (VS2017)

END.
